<?xml version="1.0" encoding="UTF-8"?>
<!-- Generated by org.testng.reporters.JUnitXMLReporter -->
<testsuite ignored="0" hostname="DESKTOP-4PKOLM5" failures="0" tests="3" name="Default test" time="0.046" errors="0" timestamp="2022-09-27T23:26:20 IST">
  <testcase classname="Day32.Demo2" name="registerUser" time="0.01"/>
  <testcase classname="Day32.Demo2" name="editUser" time="0.002"/>
  <testcase classname="Day32.Demo2" name="deleteUser" time="0.001"/>
</testsuite> <!-- Default test -->
