<?xml version="1.0" encoding="UTF-8"?>
<testng-results ignored="0" total="3" passed="3" failed="0" skipped="0">
  <reporter-output>
    <line>
      <![CDATA[register User]]>
    </line>
    <line>
      <![CDATA[Edit User]]>
    </line>
    <line>
      <![CDATA[Delete User]]>
    </line>
  </reporter-output>
  <suite started-at="2022-09-27T23:26:20 IST" name="Default suite" finished-at="2022-09-27T23:26:20 IST" duration-ms="46">
    <groups>
    </groups>
    <test started-at="2022-09-27T23:26:20 IST" name="Default test" finished-at="2022-09-27T23:26:20 IST" duration-ms="46">
      <class name="Day32.Demo2">
        <test-method signature="registerUser()[pri:1, instance:Day32.Demo2@e1de817]" started-at="2022-09-27T23:26:20 IST" name="registerUser" finished-at="2022-09-27T23:26:20 IST" duration-ms="10" status="PASS">
          <reporter-output>
            <line>
              <![CDATA[register User]]>
            </line>
          </reporter-output>
        </test-method> <!-- registerUser -->
        <test-method signature="editUser()[pri:2, instance:Day32.Demo2@e1de817]" started-at="2022-09-27T23:26:20 IST" name="editUser" finished-at="2022-09-27T23:26:20 IST" duration-ms="2" status="PASS">
          <reporter-output>
            <line>
              <![CDATA[Edit User]]>
            </line>
          </reporter-output>
        </test-method> <!-- editUser -->
        <test-method signature="deleteUser()[pri:3, instance:Day32.Demo2@e1de817]" started-at="2022-09-27T23:26:20 IST" name="deleteUser" finished-at="2022-09-27T23:26:20 IST" duration-ms="1" status="PASS">
          <reporter-output>
            <line>
              <![CDATA[Delete User]]>
            </line>
          </reporter-output>
        </test-method> <!-- deleteUser -->
      </class> <!-- Day32.Demo2 -->
    </test> <!-- Default test -->
  </suite> <!-- Default suite -->
</testng-results>
